<?xml version="1.0" encoding="UTF-8"?>
<!-- Generated by org.testng.reporters.JUnitXMLReporter -->
<testsuite ignored="0" hostname="DESKTOP-HRL9BMM" failures="0" tests="3" name="Loginto" time="0.276" errors="0" timestamp="2024-04-27T12:32:31 EDT">
  <testcase classname="ProTrainingTech.Trainingsessioforselenium.Signkh" name="f" time="0.0">
    <skipped/>
  </testcase> <!-- f -->
  <testcase classname="ProTrainingTech.Trainingsessioforselenium.Amazon" name="f" time="0.0">
    <skipped/>
  </testcase> <!-- f -->
  <testcase classname="ProTrainingTech.Trainingsessioforselenium.Signkh" name="CreatAcc" time="0.0">
    <skipped/>
  </testcase> <!-- CreatAcc -->
</testsuite> <!-- Loginto -->
